ch09_ex1_TipCalculator/app/build/intermediates/manifest_merge_blame_file/debug/manifest-merger-blame-debug-report.txt
1<?xml version="1.0" encoding="utf-8"?>
2<manifest xmlns:android="http://schemas.android.com/apk/res/android"
3    package="com.murach.tipcalculator"
4    android:versionCode="1"
5    android:versionName="1.0" >
6
7    <uses-sdk
8        android:minSdkVersion="19"
8-->src\main\AndroidManifest.xml
9        android:targetSdkVersion="28" />
9-->src\main\AndroidManifest.xml
10
11    <application
11-->src\main\AndroidManifest.xml:7:5-30:19
12        android:allowBackup="true"
12-->src\main\AndroidManifest.xml:11:9-35
13        android:appComponentFactory="android.support.v4.app.CoreComponentFactory"
13-->[com.android.support:support-compat:28.0.0] AndroidManifest.xml:22:18-91
14        android:debuggable="true"
15        android:icon="@drawable/ic_launcher"
15-->src\main\AndroidManifest.xml:8:9-45
16        android:label="@string/app_name"
16-->src\main\AndroidManifest.xml:9:9-41
17        android:testOnly="true"
18        android:theme="@style/AppTheme" >
18-->src\main\AndroidManifest.xml:10:9-40
19        <activity
19-->src\main\AndroidManifest.xml:12:9-20:20
20            android:name="com.murach.tipcalculator.TipCalculatorActivity"
20-->src\main\AndroidManifest.xml:13:13-74
21            android:label="@string/title_activity_tip_calculator" >
21-->src\main\AndroidManifest.xml:14:13-66
22            <intent-filter>
22-->src\main\AndroidManifest.xml:15:13-19:29
23                <action android:name="android.intent.action.MAIN" />
23-->src\main\AndroidManifest.xml:16:17-69
23-->src\main\AndroidManifest.xml:16:25-66
24
25                <category android:name="android.intent.category.LAUNCHER" />
25-->src\main\AndroidManifest.xml:18:17-77
25-->src\main\AndroidManifest.xml:18:27-74
26            </intent-filter>
27        </activity>
28        <activity
28-->src\main\AndroidManifest.xml:21:9-24:20
29            android:name="com.murach.tipcalculator.SettingsActivity"
29-->src\main\AndroidManifest.xml:22:13-69
30            android:label="@string/title_activity_settings" >
30-->src\main\AndroidManifest.xml:23:13-60
31        </activity>
32        <activity
32-->src\main\AndroidManifest.xml:25:9-29:20
33            android:name="com.murach.tipcalculator.AboutActivity"
33-->src\main\AndroidManifest.xml:26:13-66
34            android:label="@string/title_activity_about"
34-->src\main\AndroidManifest.xml:27:13-57
35            android:theme="@style/DialogTheme" >
35-->src\main\AndroidManifest.xml:28:13-47
36        </activity>
37    </application>
38
39</manifest>